Using pre-set license
Built from '2021.2/staging' branch; Version is '2021.2.1f1 (c20c6d589440) revision 12717165'; Using compiler version '192829333'; Build Type 'Release'
OS: 'Windows 10 Home; OS build 19042.1348; Version 2009; 64bit' Language: 'nl' Physical Memory: 15732 MB
BatchMode: 1, IsHumanControllingUs: 0, StartBugReporterOnCrash: 0, Is64bit: 1, IsPro: 0

COMMAND LINE ARGUMENTS:
C:\Program Files\Unity\Hub\Editor\2021.2.1f1\Editor\Unity.exe
-adb2
-batchMode
-noUpm
-name
AssetImportWorker0
-projectPath
C:/Users/koens/Bureaublad/informatica/jaar2/3D game programming/Rocket_assignment
-logFile
Logs/AssetImportWorker0.log
-srvPort
51600
Successfully changed project path to: C:/Users/koens/Bureaublad/informatica/jaar2/3D game programming/Rocket_assignment
C:/Users/koens/Bureaublad/informatica/jaar2/3D game programming/Rocket_assignment
[UnityMemory] Configuration Parameters - Can be set up in boot.config
    "memorysetup-bucket-allocator-granularity=16"
    "memorysetup-bucket-allocator-bucket-count=8"
    "memorysetup-bucket-allocator-block-size=33554432"
    "memorysetup-bucket-allocator-block-count=8"
    "memorysetup-main-allocator-block-size=16777216"
    "memorysetup-thread-allocator-block-size=16777216"
    "memorysetup-gfx-main-allocator-block-size=16777216"
    "memorysetup-gfx-thread-allocator-block-size=16777216"
    "memorysetup-cache-allocator-block-size=4194304"
    "memorysetup-typetree-allocator-block-size=2097152"
    "memorysetup-profiler-bucket-allocator-granularity=16"
    "memorysetup-profiler-bucket-allocator-bucket-count=8"
    "memorysetup-profiler-bucket-allocator-block-size=33554432"
    "memorysetup-profiler-bucket-allocator-block-count=8"
    "memorysetup-profiler-allocator-block-size=16777216"
    "memorysetup-profiler-editor-allocator-block-size=1048576"
    "memorysetup-temp-allocator-size-main=16777216"
    "memorysetup-job-temp-allocator-block-size=2097152"
    "memorysetup-job-temp-allocator-block-size-background=1048576"
    "memorysetup-job-temp-allocator-reduction-small-platforms=262144"
    "memorysetup-temp-allocator-size-background-worker=32768"
    "memorysetup-temp-allocator-size-job-worker=262144"
    "memorysetup-temp-allocator-size-preload-manager=33554432"
    "memorysetup-temp-allocator-size-nav-mesh-worker=65536"
    "memorysetup-temp-allocator-size-audio-worker=65536"
    "memorysetup-temp-allocator-size-cloud-worker=32768"
    "memorysetup-temp-allocator-size-gi-baking-worker=262144"
    "memorysetup-temp-allocator-size-gfx=262144"
Refreshing native plugins compatible for Editor in 116.73 ms, found 3 plugins.
Preloading 0 native plugins for Editor in 0.00 ms.
Initialize engine version: 2021.2.1f1 (c20c6d589440)
[Subsystems] Discovering subsystems at path C:/Program Files/Unity/Hub/Editor/2021.2.1f1/Editor/Data/Resources/UnitySubsystems
[Subsystems] Discovering subsystems at path C:/Users/koens/Bureaublad/informatica/jaar2/3D game programming/Rocket_assignment/Assets
GfxDevice: creating device client; threaded=0; jobified=0
Direct3D:
    Version:  Direct3D 11.0 [level 11.1]
    Renderer: AMD Radeon(TM) Graphics (ID=0x1636)
    Vendor:   ATI
    VRAM:     7866 MB
    Driver:   27.20.15002.1004
Initialize mono
Mono path[0] = 'C:/Program Files/Unity/Hub/Editor/2021.2.1f1/Editor/Data/Managed'
Mono path[1] = 'C:/Program Files/Unity/Hub/Editor/2021.2.1f1/Editor/Data/MonoBleedingEdge/lib/mono/unityjit-win32'
Mono config path = 'C:/Program Files/Unity/Hub/Editor/2021.2.1f1/Editor/Data/MonoBleedingEdge/etc'
Using monoOptions --debugger-agent=transport=dt_socket,embedding=1,server=y,suspend=n,address=127.0.0.1:56256
Begin MonoManager ReloadAssembly
Registering precompiled unity dll's ...
Register platform support module: C:/Program Files/Unity/Hub/Editor/2021.2.1f1/Editor/Data/PlaybackEngines/WebGLSupport/UnityEditor.WebGL.Extensions.dll
Register platform support module: C:/Program Files/Unity/Hub/Editor/2021.2.1f1/Editor/Data/PlaybackEngines/WindowsStandaloneSupport/UnityEditor.WindowsStandalone.Extensions.dll
Registered in 0.013950 seconds.
Native extension for WindowsStandalone target not found
Native extension for WebGL target not found
Refreshing native plugins compatible for Editor in 116.70 ms, found 3 plugins.
Preloading 0 native plugins for Editor in 0.00 ms.
Mono: successfully reloaded assembly
- Completed reload, in  1.481 seconds
Domain Reload Profiling:
	ReloadAssembly (1482ms)
		BeginReloadAssembly (134ms)
			ExecutionOrderSort (0ms)
			DisableScriptedObjects (0ms)
			BackupInstance (0ms)
			ReleaseScriptingObjects (0ms)
			CreateAndSetChildDomain (1ms)
		EndReloadAssembly (649ms)
			LoadAssemblies (130ms)
			RebuildTransferFunctionScriptingTraits (0ms)
			SetupTypeCache (141ms)
			ReleaseScriptCaches (0ms)
			RebuildScriptCaches (50ms)
			SetupLoadedEditorAssemblies (385ms)
				LogAssemblyErrors (0ms)
				InitializePlatformSupportModulesInManaged (11ms)
				SetLoadedEditorAssemblies (0ms)
				RefreshPlugins (117ms)
				BeforeProcessingInitializeOnLoad (2ms)
				ProcessInitializeOnLoadAttributes (187ms)
				ProcessInitializeOnLoadMethodAttributes (67ms)
				AfterProcessingInitializeOnLoad (0ms)
				EditorAssembliesLoaded (0ms)
			ExecutionOrderSort2 (0ms)
			AwakeInstancesAfterBackupRestoration (0ms)
Platform modules already initialized, skipping
Registering precompiled user dll's ...
Registered in 0.009408 seconds.
Begin MonoManager ReloadAssembly
Symbol file LoadedFromMemory doesn't match image C:\Users\koens\Bureaublad\informatica\jaar2\3D game programming\Rocket_assignment\Library\PackageCache\com.unity.visualscripting@1.7.2\Editor\VisualScripting.Core\Dependencies\YamlDotNet\Unity.VisualScripting.YamlDotNet.dll
Symbol file LoadedFromMemory doesn't match image C:\Users\koens\Bureaublad\informatica\jaar2\3D game programming\Rocket_assignment\Library\PackageCache\com.unity.visualscripting@1.7.2\Editor\VisualScripting.Core\Dependencies\DotNetZip\Unity.VisualScripting.IonicZip.dll
Native extension for WindowsStandalone target not found
Native extension for WebGL target not found
Refreshing native plugins compatible for Editor in 1.32 ms, found 3 plugins.
Preloading 0 native plugins for Editor in 0.00 ms.
Mono: successfully reloaded assembly
- Completed reload, in  1.740 seconds
Domain Reload Profiling:
	ReloadAssembly (1742ms)
		BeginReloadAssembly (471ms)
			ExecutionOrderSort (0ms)
			DisableScriptedObjects (7ms)
			BackupInstance (0ms)
			ReleaseScriptingObjects (0ms)
			CreateAndSetChildDomain (32ms)
		EndReloadAssembly (1128ms)
			LoadAssemblies (118ms)
			RebuildTransferFunctionScriptingTraits (0ms)
			SetupTypeCache (317ms)
			ReleaseScriptCaches (1ms)
			RebuildScriptCaches (64ms)
			SetupLoadedEditorAssemblies (510ms)
				LogAssemblyErrors (0ms)
				InitializePlatformSupportModulesInManaged (20ms)
				SetLoadedEditorAssemblies (0ms)
				RefreshPlugins (1ms)
				BeforeProcessingInitializeOnLoad (103ms)
				ProcessInitializeOnLoadAttributes (336ms)
				ProcessInitializeOnLoadMethodAttributes (35ms)
				AfterProcessingInitializeOnLoad (14ms)
				EditorAssembliesLoaded (0ms)
			ExecutionOrderSort2 (0ms)
			AwakeInstancesAfterBackupRestoration (10ms)
Platform modules already initialized, skipping
========================================================================
Worker process is ready to serve import requests
Launched and connected shader compiler UnityShaderCompiler.exe after 0.07 seconds
Refreshing native plugins compatible for Editor in 1.05 ms, found 3 plugins.
Preloading 0 native plugins for Editor in 0.00 ms.
Unloading 3209 Unused Serialized files (Serialized files now loaded: 0)
Unloading 25 unused Assets / (443.7 KB). Loaded Objects now: 3676.
Memory consumption went from 126.2 MB to 125.8 MB.
Total: 5.521700 ms (FindLiveObjects: 0.777900 ms CreateObjectMapping: 0.140400 ms MarkObjects: 4.120600 ms  DeleteObjects: 0.479400 ms)

AssetImportParameters requested are different than current active one (requested -> active):
  custom:video-decoder-ogg-theora: a1e56fd34408186e4bbccfd4996cb3dc -> 
  custom:container-muxer-webm: aa71ff27fc2769a1b78a27578f13a17b -> 
  custom:container-demuxer-webm: 4f35f7cbe854078d1ac9338744f61a02 -> 
  custom:video-encoder-webm-vp8: eb34c28f22e8b96e1ab97ce403110664 -> 
  custom:video-codec-MediaFoundation-h265: 746d11721c4dcdbdad8f713fa42b33f4 -> 
  custom:audio-encoder-webm-vorbis: bf7c407c2cedff20999df2af8eb42d56 -> 
  custom:framework-win-MediaFoundation: 216162199b28c13a410421893ffa2e32 -> 
  custom:container-demuxer-ogg: 62fdf1f143b41e24485cea50d1cbac27 -> 
  custom:video-decoder-webm-vp8: 9c59270c3fd7afecdb556c50c9e8de78 -> 
  custom:audio-decoder-ogg-vorbis: bf7c407c2cedff20999df2af8eb42d56 -> 
========================================================================
Received Prepare
Registering precompiled user dll's ...
Registered in 0.008796 seconds.
Begin MonoManager ReloadAssembly
Symbol file LoadedFromMemory doesn't match image C:\Users\koens\Bureaublad\informatica\jaar2\3D game programming\Rocket_assignment\Library\PackageCache\com.unity.visualscripting@1.7.2\Editor\VisualScripting.Core\Dependencies\YamlDotNet\Unity.VisualScripting.YamlDotNet.dll
Symbol file LoadedFromMemory doesn't match image C:\Users\koens\Bureaublad\informatica\jaar2\3D game programming\Rocket_assignment\Library\PackageCache\com.unity.visualscripting@1.7.2\Editor\VisualScripting.Core\Dependencies\DotNetZip\Unity.VisualScripting.IonicZip.dll
Native extension for WindowsStandalone target not found
Native extension for WebGL target not found
Refreshing native plugins compatible for Editor in 1.57 ms, found 3 plugins.
Preloading 0 native plugins for Editor in 0.00 ms.
Mono: successfully reloaded assembly
- Completed reload, in  1.568 seconds
Domain Reload Profiling:
	ReloadAssembly (1569ms)
		BeginReloadAssembly (203ms)
			ExecutionOrderSort (0ms)
			DisableScriptedObjects (6ms)
			BackupInstance (0ms)
			ReleaseScriptingObjects (0ms)
			CreateAndSetChildDomain (61ms)
		EndReloadAssembly (1210ms)
			LoadAssemblies (128ms)
			RebuildTransferFunctionScriptingTraits (0ms)
			SetupTypeCache (342ms)
			ReleaseScriptCaches (2ms)
			RebuildScriptCaches (90ms)
			SetupLoadedEditorAssemblies (485ms)
				LogAssemblyErrors (0ms)
				InitializePlatformSupportModulesInManaged (24ms)
				SetLoadedEditorAssemblies (1ms)
				RefreshPlugins (2ms)
				BeforeProcessingInitializeOnLoad (93ms)
				ProcessInitializeOnLoadAttributes (316ms)
				ProcessInitializeOnLoadMethodAttributes (34ms)
				AfterProcessingInitializeOnLoad (16ms)
				EditorAssembliesLoaded (0ms)
			ExecutionOrderSort2 (0ms)
			AwakeInstancesAfterBackupRestoration (14ms)
Platform modules already initialized, skipping
Refreshing native plugins compatible for Editor in 1.16 ms, found 3 plugins.
Preloading 0 native plugins for Editor in 0.00 ms.
Unloading 3184 Unused Serialized files (Serialized files now loaded: 0)
Unloading 20 unused Assets / (381.1 KB). Loaded Objects now: 3678.
Memory consumption went from 124.0 MB to 123.7 MB.
Total: 6.405200 ms (FindLiveObjects: 0.713500 ms CreateObjectMapping: 0.286100 ms MarkObjects: 4.750300 ms  DeleteObjects: 0.651900 ms)

AssetImportParameters requested are different than current active one (requested -> active):
  custom:video-decoder-ogg-theora: a1e56fd34408186e4bbccfd4996cb3dc -> 
  custom:container-muxer-webm: aa71ff27fc2769a1b78a27578f13a17b -> 
  custom:container-demuxer-webm: 4f35f7cbe854078d1ac9338744f61a02 -> 
  custom:video-encoder-webm-vp8: eb34c28f22e8b96e1ab97ce403110664 -> 
  custom:video-codec-MediaFoundation-h265: 746d11721c4dcdbdad8f713fa42b33f4 -> 
  custom:audio-encoder-webm-vorbis: bf7c407c2cedff20999df2af8eb42d56 -> 
  custom:framework-win-MediaFoundation: 216162199b28c13a410421893ffa2e32 -> 
  custom:container-demuxer-ogg: 62fdf1f143b41e24485cea50d1cbac27 -> 
  custom:video-decoder-webm-vp8: 9c59270c3fd7afecdb556c50c9e8de78 -> 
  custom:audio-decoder-ogg-vorbis: bf7c407c2cedff20999df2af8eb42d56 -> 
========================================================================
Received Import Request.
  Time since last request: 84309.060287 seconds.
  path: Assets/Scenes/Scripts/UFO_movement.cs
  artifactKey: Guid(c61b3d73e22faa942895e9268eed6e44) Importer(815301076,1909f56bfc062723c751e8b465ee728b)
Start importing Assets/Scenes/Scripts/UFO_movement.cs using Guid(c61b3d73e22faa942895e9268eed6e44) Importer(815301076,1909f56bfc062723c751e8b465ee728b)  -> (artifact id: '3cfeb077e384bf79603c0f0f2312bee6') in 0.096322 seconds 
========================================================================
Received Prepare
Registering precompiled user dll's ...
Registered in 0.008854 seconds.
Begin MonoManager ReloadAssembly
Symbol file LoadedFromMemory doesn't match image C:\Users\koens\Bureaublad\informatica\jaar2\3D game programming\Rocket_assignment\Library\PackageCache\com.unity.visualscripting@1.7.2\Editor\VisualScripting.Core\Dependencies\YamlDotNet\Unity.VisualScripting.YamlDotNet.dll
Symbol file LoadedFromMemory doesn't match image C:\Users\koens\Bureaublad\informatica\jaar2\3D game programming\Rocket_assignment\Library\PackageCache\com.unity.visualscripting@1.7.2\Editor\VisualScripting.Core\Dependencies\DotNetZip\Unity.VisualScripting.IonicZip.dll
Native extension for WindowsStandalone target not found
Native extension for WebGL target not found
Refreshing native plugins compatible for Editor in 2.13 ms, found 3 plugins.
Preloading 0 native plugins for Editor in 0.00 ms.
Mono: successfully reloaded assembly
- Completed reload, in  1.685 seconds
Domain Reload Profiling:
	ReloadAssembly (1686ms)
		BeginReloadAssembly (209ms)
			ExecutionOrderSort (0ms)
			DisableScriptedObjects (6ms)
			BackupInstance (0ms)
			ReleaseScriptingObjects (0ms)
			CreateAndSetChildDomain (64ms)
		EndReloadAssembly (1321ms)
			LoadAssemblies (134ms)
			RebuildTransferFunctionScriptingTraits (0ms)
			SetupTypeCache (402ms)
			ReleaseScriptCaches (2ms)
			RebuildScriptCaches (68ms)
			SetupLoadedEditorAssemblies (545ms)
				LogAssemblyErrors (0ms)
				InitializePlatformSupportModulesInManaged (29ms)
				SetLoadedEditorAssemblies (1ms)
				RefreshPlugins (2ms)
				BeforeProcessingInitializeOnLoad (105ms)
				ProcessInitializeOnLoadAttributes (349ms)
				ProcessInitializeOnLoadMethodAttributes (41ms)
				AfterProcessingInitializeOnLoad (17ms)
				EditorAssembliesLoaded (0ms)
			ExecutionOrderSort2 (0ms)
			AwakeInstancesAfterBackupRestoration (9ms)
Platform modules already initialized, skipping
Refreshing native plugins compatible for Editor in 2.25 ms, found 3 plugins.
Preloading 0 native plugins for Editor in 0.00 ms.
Unloading 3184 Unused Serialized files (Serialized files now loaded: 0)
Unloading 20 unused Assets / (381.3 KB). Loaded Objects now: 3680.
Memory consumption went from 124.1 MB to 123.7 MB.
Total: 7.288800 ms (FindLiveObjects: 0.872900 ms CreateObjectMapping: 0.195600 ms MarkObjects: 5.791500 ms  DeleteObjects: 0.424500 ms)

AssetImportParameters requested are different than current active one (requested -> active):
  custom:video-decoder-ogg-theora: a1e56fd34408186e4bbccfd4996cb3dc -> 
  custom:container-muxer-webm: aa71ff27fc2769a1b78a27578f13a17b -> 
  custom:container-demuxer-webm: 4f35f7cbe854078d1ac9338744f61a02 -> 
  custom:video-encoder-webm-vp8: eb34c28f22e8b96e1ab97ce403110664 -> 
  custom:video-codec-MediaFoundation-h265: 746d11721c4dcdbdad8f713fa42b33f4 -> 
  custom:audio-encoder-webm-vorbis: bf7c407c2cedff20999df2af8eb42d56 -> 
  custom:framework-win-MediaFoundation: 216162199b28c13a410421893ffa2e32 -> 
  custom:container-demuxer-ogg: 62fdf1f143b41e24485cea50d1cbac27 -> 
  custom:video-decoder-webm-vp8: 9c59270c3fd7afecdb556c50c9e8de78 -> 
  custom:audio-decoder-ogg-vorbis: bf7c407c2cedff20999df2af8eb42d56 -> 
========================================================================
Received Import Request.
  Time since last request: 439.946252 seconds.
  path: Assets/Scenes/Materials/New Lighting Settings.lighting
  artifactKey: Guid(4f1970eaef264e741876f3c941283090) Importer(815301076,1909f56bfc062723c751e8b465ee728b)
Start importing Assets/Scenes/Materials/New Lighting Settings.lighting using Guid(4f1970eaef264e741876f3c941283090) Importer(815301076,1909f56bfc062723c751e8b465ee728b)  -> (artifact id: 'a253b848b9d580f92aa7a06eeb7cd798') in 0.037781 seconds 
========================================================================
Received Import Request.
  Time since last request: 311.271627 seconds.
  path: Assets/Scenes/textures/2k_earth_daymap.jpg
  artifactKey: Guid(814f69f10cd18bf43bebfe54c167ddfa) Importer(815301076,1909f56bfc062723c751e8b465ee728b)
Start importing Assets/Scenes/textures/2k_earth_daymap.jpg using Guid(814f69f10cd18bf43bebfe54c167ddfa) Importer(815301076,1909f56bfc062723c751e8b465ee728b)  -> (artifact id: 'f5d2186a3cd2d13ac7cee60b88a08837') in 0.156229 seconds 
========================================================================
Received Import Request.
  Time since last request: 0.000086 seconds.
  path: Assets/Scenes/textures/2k_stars_milky_way.jpg
  artifactKey: Guid(9901b513cbcd3ee41b2ee09f57124c3d) Importer(815301076,1909f56bfc062723c751e8b465ee728b)
Start importing Assets/Scenes/textures/2k_stars_milky_way.jpg using Guid(9901b513cbcd3ee41b2ee09f57124c3d) Importer(815301076,1909f56bfc062723c751e8b465ee728b)  -> (artifact id: '78921b2a6a868854a55986c876939952') in 0.033635 seconds 
========================================================================
Received Import Request.
  Time since last request: 106.279527 seconds.
  path: Assets/Scenes/textures/2k_mars.jpg
  artifactKey: Guid(ed1d7291dd6e83e47b50094783904cfe) Importer(815301076,1909f56bfc062723c751e8b465ee728b)
Start importing Assets/Scenes/textures/2k_mars.jpg using Guid(ed1d7291dd6e83e47b50094783904cfe) Importer(815301076,1909f56bfc062723c751e8b465ee728b)  -> (artifact id: '31bb9d67b0575d93955797d8ad9ceed1') in 0.025123 seconds 
========================================================================
Received Import Request.
  Time since last request: 42.290751 seconds.
  path: Assets/Scenes/textures/2k_neptune.jpg
  artifactKey: Guid(9a80e69e3bc6e7644b6eaa0547096d6a) Importer(815301076,1909f56bfc062723c751e8b465ee728b)
Start importing Assets/Scenes/textures/2k_neptune.jpg using Guid(9a80e69e3bc6e7644b6eaa0547096d6a) Importer(815301076,1909f56bfc062723c751e8b465ee728b)  -> (artifact id: 'ee91956616540433c18edc16ade06b4d') in 0.027435 seconds 
========================================================================
Received Import Request.
  Time since last request: 18.571977 seconds.
  path: Assets/Scenes/textures/2k_jupiter.jpg
  artifactKey: Guid(bf04dd0e363546a4eb5f866a37592781) Importer(815301076,1909f56bfc062723c751e8b465ee728b)
Start importing Assets/Scenes/textures/2k_jupiter.jpg using Guid(bf04dd0e363546a4eb5f866a37592781) Importer(815301076,1909f56bfc062723c751e8b465ee728b)  -> (artifact id: '247568b38ef83e49c557ff73405575af') in 0.026396 seconds 
========================================================================
Received Import Request.
  Time since last request: 48.528993 seconds.
  path: Assets/Scenes/textures/2k_venus_surface.jpg
  artifactKey: Guid(63e675356ec6e9b4986301217e40062c) Importer(815301076,1909f56bfc062723c751e8b465ee728b)
Start importing Assets/Scenes/textures/2k_venus_surface.jpg using Guid(63e675356ec6e9b4986301217e40062c) Importer(815301076,1909f56bfc062723c751e8b465ee728b)  -> (artifact id: '532fd04be4ecf8aa1553479299e45902') in 0.027171 seconds 
========================================================================
Received Import Request.
  Time since last request: 9.782593 seconds.
  path: Assets/Scenes/Materials/2k_earth_daymap.mat
  artifactKey: Guid(2eb7189db63355b4e87093a28dce3f49) Importer(815301076,1909f56bfc062723c751e8b465ee728b)
Start importing Assets/Scenes/Materials/2k_earth_daymap.mat using Guid(2eb7189db63355b4e87093a28dce3f49) Importer(815301076,1909f56bfc062723c751e8b465ee728b)  -> (artifact id: 'f07fbc4f3ae07b48798e00ee76f7cfdf') in 0.108497 seconds 
========================================================================
Received Import Request.
  Time since last request: 0.000037 seconds.
  path: Assets/Scenes/Materials/2k_venus_surface.mat
  artifactKey: Guid(cb9ddd9a9e77eb54e9b37ba182a62953) Importer(815301076,1909f56bfc062723c751e8b465ee728b)
Start importing Assets/Scenes/Materials/2k_venus_surface.mat using Guid(cb9ddd9a9e77eb54e9b37ba182a62953) Importer(815301076,1909f56bfc062723c751e8b465ee728b)  -> (artifact id: '9bf84ac59e73ecb980078be1a4f4f9d8') in 0.032734 seconds 
========================================================================
Received Import Request.
  Time since last request: 0.000114 seconds.
  path: Assets/Scenes/Materials/2k_neptune.mat
  artifactKey: Guid(e2ededc2633fe2e478d650c92b31b0fa) Importer(815301076,1909f56bfc062723c751e8b465ee728b)
Start importing Assets/Scenes/Materials/2k_neptune.mat using Guid(e2ededc2633fe2e478d650c92b31b0fa) Importer(815301076,1909f56bfc062723c751e8b465ee728b)  -> (artifact id: '1d2ad344940b716c1ad8f6cedd7a96ab') in 0.028204 seconds 
========================================================================
Received Import Request.
  Time since last request: 9.019134 seconds.
  path: Assets/Scenes/Materials/New Material.mat
  artifactKey: Guid(0897996192fe0b545a625b78be48510c) Importer(815301076,1909f56bfc062723c751e8b465ee728b)
Start importing Assets/Scenes/Materials/New Material.mat using Guid(0897996192fe0b545a625b78be48510c) Importer(815301076,1909f56bfc062723c751e8b465ee728b)  -> (artifact id: '3c1e9ed78b8179410c940a7e64ff4ce5') in 0.030383 seconds 
========================================================================
Received Import Request.
  Time since last request: 22.893249 seconds.
  path: Assets/Scenes/Materials/skybox_material.mat
  artifactKey: Guid(6e6edd5ee4c49f14b996fe0eb74f655a) Importer(815301076,1909f56bfc062723c751e8b465ee728b)
Start importing Assets/Scenes/Materials/skybox_material.mat using Guid(6e6edd5ee4c49f14b996fe0eb74f655a) Importer(815301076,1909f56bfc062723c751e8b465ee728b)  -> (artifact id: '708de8890acd3903691c13ac4b92dbc7') in 0.023920 seconds 
========================================================================
Received Import Request.
  Time since last request: 240.539268 seconds.
  path: Assets/Standard Assets/Prototyping/Materials/YellowSmooth.mat
  artifactKey: Guid(6e1d36c4bbd37d54f9ea183e4f5fd656) Importer(815301076,1909f56bfc062723c751e8b465ee728b)
Start importing Assets/Standard Assets/Prototyping/Materials/YellowSmooth.mat using Guid(6e1d36c4bbd37d54f9ea183e4f5fd656) Importer(815301076,1909f56bfc062723c751e8b465ee728b)  -> (artifact id: 'efdc310310e0f7305868f48c4bc41be0') in 0.085599 seconds 
========================================================================
Received Import Request.
  Time since last request: 0.342432 seconds.
  path: Assets/Standard Assets/Prototyping/Materials/YellowGrid.mat
  artifactKey: Guid(82096aab38f01cb40a1cbf8629a810ba) Importer(815301076,1909f56bfc062723c751e8b465ee728b)
Start importing Assets/Standard Assets/Prototyping/Materials/YellowGrid.mat using Guid(82096aab38f01cb40a1cbf8629a810ba) Importer(815301076,1909f56bfc062723c751e8b465ee728b)  -> (artifact id: 'a002dc334bd8738fadd9dfaf508e233b') in 0.062734 seconds 
========================================================================
Received Import Request.
  Time since last request: 0.000067 seconds.
  path: Assets/Standard Assets/Environment/Water/Water/Materials/WaterProDaytime.mat
  artifactKey: Guid(7350b65a6431f604a8496c39db1ac9c5) Importer(815301076,1909f56bfc062723c751e8b465ee728b)
Start importing Assets/Standard Assets/Environment/Water/Water/Materials/WaterProDaytime.mat using Guid(7350b65a6431f604a8496c39db1ac9c5) Importer(815301076,1909f56bfc062723c751e8b465ee728b)  -> (artifact id: 'd9bccddec06989027811777d4e1e222e') in 0.052256 seconds 
========================================================================
Received Import Request.
  Time since last request: 0.000073 seconds.
  path: Assets/Standard Assets/Environment/Water (Basic)/Materials/WaterDefault.mat
  artifactKey: Guid(30abebfd9bf1c49d8a2d26e61e66bc15) Importer(815301076,1909f56bfc062723c751e8b465ee728b)
Start importing Assets/Standard Assets/Environment/Water (Basic)/Materials/WaterDefault.mat using Guid(30abebfd9bf1c49d8a2d26e61e66bc15) Importer(815301076,1909f56bfc062723c751e8b465ee728b)  -> (artifact id: '1237c7a2ea513de2428c5b213cb5473a') in 0.197738 seconds 
========================================================================
Received Import Request.
  Time since last request: 2.942387 seconds.
  path: Assets/Standard Assets/Vehicles/Aircraft/Materials/AircraftFuselageGrey.mat
  artifactKey: Guid(141b5bb76b8b39342a5a787acbeaabfd) Importer(815301076,1909f56bfc062723c751e8b465ee728b)
Start importing Assets/Standard Assets/Vehicles/Aircraft/Materials/AircraftFuselageGrey.mat using Guid(141b5bb76b8b39342a5a787acbeaabfd) Importer(815301076,1909f56bfc062723c751e8b465ee728b)  -> (artifact id: '4ebee9c8ef32fca0b24dadf7c4d3b5c8') in 0.143463 seconds 
========================================================================
Received Import Request.
  Time since last request: 2.304055 seconds.
  path: Assets/Standard Assets/Vehicles/Aircraft/Materials/AircraftWingsJetGrey.mat
  artifactKey: Guid(42672579dbdf2c8449598d21e2c569ec) Importer(815301076,1909f56bfc062723c751e8b465ee728b)
Start importing Assets/Standard Assets/Vehicles/Aircraft/Materials/AircraftWingsJetGrey.mat using Guid(42672579dbdf2c8449598d21e2c569ec) Importer(815301076,1909f56bfc062723c751e8b465ee728b)  -> (artifact id: '3f21bd44e9d0096d2890860cfc7fd0fc') in 0.159475 seconds 
========================================================================
Received Import Request.
  Time since last request: 1.394508 seconds.
  path: Assets/SampleScenes/Models/Materials/Asteroid.mat
  artifactKey: Guid(ace554b28b3c23448817bd8c63e751ff) Importer(815301076,1909f56bfc062723c751e8b465ee728b)
Start importing Assets/SampleScenes/Models/Materials/Asteroid.mat using Guid(ace554b28b3c23448817bd8c63e751ff) Importer(815301076,1909f56bfc062723c751e8b465ee728b)  -> (artifact id: 'eced463f8de44a210b9783ec830d1d4b') in 0.034557 seconds 
========================================================================
Received Import Request.
  Time since last request: 0.050790 seconds.
  path: Assets/Standard Assets/Environment/SpeedTree/Broadleaf/Broadleaf_Mobile Materials/Billboard.mat
  artifactKey: Guid(8c1755df5f552e843b9f8485f72e71f8) Importer(815301076,1909f56bfc062723c751e8b465ee728b)
Start importing Assets/Standard Assets/Environment/SpeedTree/Broadleaf/Broadleaf_Mobile Materials/Billboard.mat using Guid(8c1755df5f552e843b9f8485f72e71f8) Importer(815301076,1909f56bfc062723c751e8b465ee728b)  -> (artifact id: '32b104cb156ba07bf91f0d552d47b5d1') in 0.070329 seconds 
========================================================================
Received Import Request.
  Time since last request: 0.281680 seconds.
  path: Assets/Standard Assets/Environment/SpeedTree/Conifer/Conifer_Desktop Materials/Billboard.mat
  artifactKey: Guid(e625f56663597ef4899f86b588b4d506) Importer(815301076,1909f56bfc062723c751e8b465ee728b)
Start importing Assets/Standard Assets/Environment/SpeedTree/Conifer/Conifer_Desktop Materials/Billboard.mat using Guid(e625f56663597ef4899f86b588b4d506) Importer(815301076,1909f56bfc062723c751e8b465ee728b)  -> (artifact id: '6187e3b8cbe26ef52ed3decb731770e0') in 0.052448 seconds 
========================================================================
Received Import Request.
  Time since last request: 0.393095 seconds.
  path: Assets/Standard Assets/Environment/SpeedTree/Broadleaf/Broadleaf_Desktop Materials/LOD2/Branches_0.mat
  artifactKey: Guid(b0d5705176a0d36419d034e2ea46491a) Importer(815301076,1909f56bfc062723c751e8b465ee728b)
Start importing Assets/Standard Assets/Environment/SpeedTree/Broadleaf/Broadleaf_Desktop Materials/LOD2/Branches_0.mat using Guid(b0d5705176a0d36419d034e2ea46491a) Importer(815301076,1909f56bfc062723c751e8b465ee728b)  -> (artifact id: 'cd44a104789455d2ab06fb0712b841d0') in 0.044610 seconds 
========================================================================
Received Import Request.
  Time since last request: 0.361535 seconds.
  path: Assets/Standard Assets/Environment/SpeedTree/Conifer/Conifer_Desktop Materials/LOD1/Branches_0.mat
  artifactKey: Guid(54ee8e39b634b6d45aae528b6b24e879) Importer(815301076,1909f56bfc062723c751e8b465ee728b)
Start importing Assets/Standard Assets/Environment/SpeedTree/Conifer/Conifer_Desktop Materials/LOD1/Branches_0.mat using Guid(54ee8e39b634b6d45aae528b6b24e879) Importer(815301076,1909f56bfc062723c751e8b465ee728b)  -> (artifact id: '66553dab704bc87429d0ecc3d88a5a93') in 0.030276 seconds 
========================================================================
Received Import Request.
  Time since last request: 0.321088 seconds.
  path: Assets/Standard Assets/Environment/SpeedTree/Palm/Palm_Desktop Materials/LOD0/Branches_0.mat
  artifactKey: Guid(39baceec69bb1ee4fb4194d50e1a6d10) Importer(815301076,1909f56bfc062723c751e8b465ee728b)
Start importing Assets/Standard Assets/Environment/SpeedTree/Palm/Palm_Desktop Materials/LOD0/Branches_0.mat using Guid(39baceec69bb1ee4fb4194d50e1a6d10) Importer(815301076,1909f56bfc062723c751e8b465ee728b)  -> (artifact id: 'cba976b12ae1ae6dbe55ea3a49a5450c') in 0.079777 seconds 
========================================================================
Received Import Request.
  Time since last request: 0.030638 seconds.
  path: Assets/Standard Assets/Environment/SpeedTree/Broadleaf/Broadleaf_Desktop Materials/LOD1/Branches_0.mat
  artifactKey: Guid(4be5b19d42487c24f830c4ee36849a95) Importer(815301076,1909f56bfc062723c751e8b465ee728b)
Start importing Assets/Standard Assets/Environment/SpeedTree/Broadleaf/Broadleaf_Desktop Materials/LOD1/Branches_0.mat using Guid(4be5b19d42487c24f830c4ee36849a95) Importer(815301076,1909f56bfc062723c751e8b465ee728b)  -> (artifact id: 'e05ce8ae75e118e2b6a96dcb5363c557') in 0.034156 seconds 
========================================================================
Received Import Request.
  Time since last request: 0.360384 seconds.
  path: Assets/Standard Assets/Environment/SpeedTree/Palm/Palm_Desktop Materials/LOD2/Branches_0.mat
  artifactKey: Guid(5c6bda52f548c164381f24c22067e446) Importer(815301076,1909f56bfc062723c751e8b465ee728b)
Start importing Assets/Standard Assets/Environment/SpeedTree/Palm/Palm_Desktop Materials/LOD2/Branches_0.mat using Guid(5c6bda52f548c164381f24c22067e446) Importer(815301076,1909f56bfc062723c751e8b465ee728b)  -> (artifact id: '6b7c7fa049e8c957c37842f14785530f') in 0.036998 seconds 
========================================================================
Received Import Request.
  Time since last request: 0.191602 seconds.
  path: Assets/Standard Assets/Environment/SpeedTree/Conifer/Conifer_Desktop Materials/LOD0/Branches_0.mat
  artifactKey: Guid(d4880c932a8e12b48a3039233e9634a0) Importer(815301076,1909f56bfc062723c751e8b465ee728b)
Start importing Assets/Standard Assets/Environment/SpeedTree/Conifer/Conifer_Desktop Materials/LOD0/Branches_0.mat using Guid(d4880c932a8e12b48a3039233e9634a0) Importer(815301076,1909f56bfc062723c751e8b465ee728b)  -> (artifact id: '8a48164ac79b45bf627685c91eaa7b98') in 0.034362 seconds 
========================================================================
Received Import Request.
  Time since last request: 0.042419 seconds.
  path: Assets/Standard Assets/Environment/SpeedTree/Broadleaf/Broadleaf_Desktop Materials/LOD0/Branches_1.mat
  artifactKey: Guid(e621ee108fde15148a5e4b4ab67667b9) Importer(815301076,1909f56bfc062723c751e8b465ee728b)
Start importing Assets/Standard Assets/Environment/SpeedTree/Broadleaf/Broadleaf_Desktop Materials/LOD0/Branches_1.mat using Guid(e621ee108fde15148a5e4b4ab67667b9) Importer(815301076,1909f56bfc062723c751e8b465ee728b)  -> (artifact id: '60bd20c280d86f69d2b716482d3bea3b') in 0.030534 seconds 
========================================================================
Received Import Request.
  Time since last request: 0.036138 seconds.
  path: Assets/Standard Assets/Environment/SpeedTree/Conifer/Conifer_Desktop Materials/LOD0/Branches_1.mat
  artifactKey: Guid(fdb77c3917027234db7a7792019eda2e) Importer(815301076,1909f56bfc062723c751e8b465ee728b)
Start importing Assets/Standard Assets/Environment/SpeedTree/Conifer/Conifer_Desktop Materials/LOD0/Branches_1.mat using Guid(fdb77c3917027234db7a7792019eda2e) Importer(815301076,1909f56bfc062723c751e8b465ee728b)  -> (artifact id: '5357e10514845a9aa109f079b0a4cd45') in 0.029081 seconds 
========================================================================
Received Import Request.
  Time since last request: 0.309679 seconds.
  path: Assets/Standard Assets/Environment/SpeedTree/Palm/Palm_Desktop Materials/LOD0/Branches_1.mat
  artifactKey: Guid(fa40ba727cdc90245aac11f0ff5ead8e) Importer(815301076,1909f56bfc062723c751e8b465ee728b)
Start importing Assets/Standard Assets/Environment/SpeedTree/Palm/Palm_Desktop Materials/LOD0/Branches_1.mat using Guid(fa40ba727cdc90245aac11f0ff5ead8e) Importer(815301076,1909f56bfc062723c751e8b465ee728b)  -> (artifact id: 'd933b6204272f5b1312767a7bec2403f') in 0.037319 seconds 
========================================================================
Received Import Request.
  Time since last request: 0.000049 seconds.
  path: Assets/Standard Assets/Characters/ThirdPersonCharacter/Materials/EthanGrey.mat
  artifactKey: Guid(621e901dcf5ebaf46bce29d18f67194c) Importer(815301076,1909f56bfc062723c751e8b465ee728b)
Start importing Assets/Standard Assets/Characters/ThirdPersonCharacter/Materials/EthanGrey.mat using Guid(621e901dcf5ebaf46bce29d18f67194c) Importer(815301076,1909f56bfc062723c751e8b465ee728b)  -> (artifact id: '768919b5570cb9d6232570ae4e86a2b5') in 0.170471 seconds 
========================================================================
Received Import Request.
  Time since last request: 0.000057 seconds.
  path: Assets/Standard Assets/Environment/SpeedTree/Broadleaf/Broadleaf_Desktop Materials/LOD0/FacingLeaves_4.mat
  artifactKey: Guid(d5b20def9c5c05748a01627738b94531) Importer(815301076,1909f56bfc062723c751e8b465ee728b)
Start importing Assets/Standard Assets/Environment/SpeedTree/Broadleaf/Broadleaf_Desktop Materials/LOD0/FacingLeaves_4.mat using Guid(d5b20def9c5c05748a01627738b94531) Importer(815301076,1909f56bfc062723c751e8b465ee728b)  -> (artifact id: '924efa9823a64747ba826f97be0bb155') in 0.088286 seconds 
========================================================================
Received Import Request.
  Time since last request: 0.000060 seconds.
  path: Assets/Standard Assets/Environment/SpeedTree/Broadleaf/Broadleaf_Desktop Materials/LOD1/FacingLeaves_4.mat
  artifactKey: Guid(9938463bcd729fe41b4937cb6d2d692b) Importer(815301076,1909f56bfc062723c751e8b465ee728b)
Start importing Assets/Standard Assets/Environment/SpeedTree/Broadleaf/Broadleaf_Desktop Materials/LOD1/FacingLeaves_4.mat using Guid(9938463bcd729fe41b4937cb6d2d692b) Importer(815301076,1909f56bfc062723c751e8b465ee728b)  -> (artifact id: 'b7587be4ad46384bc866d21a242d8f1f') in 0.039800 seconds 
========================================================================
Received Import Request.
  Time since last request: 0.120228 seconds.
  path: Assets/Standard Assets/Fonts/OpenSans/OpenSansBold.ttf
  artifactKey: Guid(87c316b602156405d92e616621658222) Importer(815301076,1909f56bfc062723c751e8b465ee728b)
Start importing Assets/Standard Assets/Fonts/OpenSans/OpenSansBold.ttf using Guid(87c316b602156405d92e616621658222) Importer(815301076,1909f56bfc062723c751e8b465ee728b)  -> (artifact id: '2c981ac8648d45bb2b7194f834b988fc') in 0.092259 seconds 
========================================================================
Received Import Request.
  Time since last request: 0.000069 seconds.
  path: Assets/Standard Assets/Fonts/OpenSans/OpenSansRegular.ttf
  artifactKey: Guid(b51a3e520f9164da198dc59c8acfccd6) Importer(815301076,1909f56bfc062723c751e8b465ee728b)
Start importing Assets/Standard Assets/Fonts/OpenSans/OpenSansRegular.ttf using Guid(b51a3e520f9164da198dc59c8acfccd6) Importer(815301076,1909f56bfc062723c751e8b465ee728b)  -> (artifact id: 'a3e471d389d1b50ddb23bf557c02ec53') in 0.036528 seconds 
========================================================================
Received Import Request.
  Time since last request: 0.000052 seconds.
  path: Assets/Standard Assets/Environment/SpeedTree/Broadleaf/Broadleaf_Desktop Materials/LOD2/Fronds_2.mat
  artifactKey: Guid(ee0b78d572fcec249860ad38970b7888) Importer(815301076,1909f56bfc062723c751e8b465ee728b)
Start importing Assets/Standard Assets/Environment/SpeedTree/Broadleaf/Broadleaf_Desktop Materials/LOD2/Fronds_2.mat using Guid(ee0b78d572fcec249860ad38970b7888) Importer(815301076,1909f56bfc062723c751e8b465ee728b)  -> (artifact id: 'f7d4f687b21ce01f2655d4e246341514') in 0.065919 seconds 
========================================================================
Received Import Request.
  Time since last request: 0.000080 seconds.
  path: Assets/Standard Assets/Environment/SpeedTree/Palm/Palm_Desktop Materials/LOD2/Fronds_2.mat
  artifactKey: Guid(9b49c2e157c705944beb6767e25cd742) Importer(815301076,1909f56bfc062723c751e8b465ee728b)
Start importing Assets/Standard Assets/Environment/SpeedTree/Palm/Palm_Desktop Materials/LOD2/Fronds_2.mat using Guid(9b49c2e157c705944beb6767e25cd742) Importer(815301076,1909f56bfc062723c751e8b465ee728b)  -> (artifact id: '3240db976ff04264df8cb63964cea5f9') in 0.071233 seconds 
========================================================================
Received Import Request.
  Time since last request: 0.000042 seconds.
  path: Assets/Standard Assets/Environment/SpeedTree/Broadleaf/Broadleaf_Desktop Materials/LOD0/Fronds_2.mat
  artifactKey: Guid(e6a8e6ae86a5b904eb64f573f145ecde) Importer(815301076,1909f56bfc062723c751e8b465ee728b)
Start importing Assets/Standard Assets/Environment/SpeedTree/Broadleaf/Broadleaf_Desktop Materials/LOD0/Fronds_2.mat using Guid(e6a8e6ae86a5b904eb64f573f145ecde) Importer(815301076,1909f56bfc062723c751e8b465ee728b)  -> (artifact id: '8e3c189fadd83731eee16e5cdf3c51d2') in 0.030731 seconds 
========================================================================
Received Prepare
Registering precompiled user dll's ...
Registered in 0.013812 seconds.
Begin MonoManager ReloadAssembly
Symbol file LoadedFromMemory doesn't match image C:\Users\koens\Bureaublad\informatica\jaar2\3D game programming\Rocket_assignment\Library\PackageCache\com.unity.visualscripting@1.7.2\Editor\VisualScripting.Core\Dependencies\YamlDotNet\Unity.VisualScripting.YamlDotNet.dll
Symbol file LoadedFromMemory doesn't match image C:\Users\koens\Bureaublad\informatica\jaar2\3D game programming\Rocket_assignment\Library\PackageCache\com.unity.visualscripting@1.7.2\Editor\VisualScripting.Core\Dependencies\DotNetZip\Unity.VisualScripting.IonicZip.dll
Native extension for WindowsStandalone target not found
Native extension for WebGL target not found
Refreshing native plugins compatible for Editor in 2.21 ms, found 3 plugins.
Preloading 0 native plugins for Editor in 0.00 ms.
Mono: successfully reloaded assembly
- Completed reload, in  1.739 seconds
Domain Reload Profiling:
	ReloadAssembly (1740ms)
		BeginReloadAssembly (227ms)
			ExecutionOrderSort (0ms)
			DisableScriptedObjects (5ms)
			BackupInstance (0ms)
			ReleaseScriptingObjects (0ms)
			CreateAndSetChildDomain (62ms)
		EndReloadAssembly (1354ms)
			LoadAssemblies (150ms)
			RebuildTransferFunctionScriptingTraits (0ms)
			SetupTypeCache (412ms)
			ReleaseScriptCaches (2ms)
			RebuildScriptCaches (70ms)
			SetupLoadedEditorAssemblies (537ms)
				LogAssemblyErrors (0ms)
				InitializePlatformSupportModulesInManaged (25ms)
				SetLoadedEditorAssemblies (1ms)
				RefreshPlugins (2ms)
				BeforeProcessingInitializeOnLoad (100ms)
				ProcessInitializeOnLoadAttributes (355ms)
				ProcessInitializeOnLoadMethodAttributes (38ms)
				AfterProcessingInitializeOnLoad (15ms)
				EditorAssembliesLoaded (0ms)
			ExecutionOrderSort2 (0ms)
			AwakeInstancesAfterBackupRestoration (21ms)
Platform modules already initialized, skipping
Refreshing native plugins compatible for Editor in 1.40 ms, found 3 plugins.
Preloading 0 native plugins for Editor in 0.00 ms.
Unloading 3192 Unused Serialized files (Serialized files now loaded: 0)
Unloading 20 unused Assets / (381.4 KB). Loaded Objects now: 3850.
Memory consumption went from 144.9 MB to 144.6 MB.
Total: 6.882100 ms (FindLiveObjects: 0.551300 ms CreateObjectMapping: 0.256900 ms MarkObjects: 5.442600 ms  DeleteObjects: 0.628200 ms)

AssetImportParameters requested are different than current active one (requested -> active):
  custom:video-decoder-ogg-theora: a1e56fd34408186e4bbccfd4996cb3dc -> 
  custom:container-muxer-webm: aa71ff27fc2769a1b78a27578f13a17b -> 
  custom:container-demuxer-webm: 4f35f7cbe854078d1ac9338744f61a02 -> 
  custom:video-encoder-webm-vp8: eb34c28f22e8b96e1ab97ce403110664 -> 
  custom:video-codec-MediaFoundation-h265: 746d11721c4dcdbdad8f713fa42b33f4 -> 
  custom:audio-encoder-webm-vorbis: bf7c407c2cedff20999df2af8eb42d56 -> 
  custom:framework-win-MediaFoundation: 216162199b28c13a410421893ffa2e32 -> 
  custom:container-demuxer-ogg: 62fdf1f143b41e24485cea50d1cbac27 -> 
  custom:video-decoder-webm-vp8: 9c59270c3fd7afecdb556c50c9e8de78 -> 
  custom:audio-decoder-ogg-vorbis: bf7c407c2cedff20999df2af8eb42d56 -> 
========================================================================
Received Prepare
Registering precompiled user dll's ...
Registered in 0.015173 seconds.
Begin MonoManager ReloadAssembly
Symbol file LoadedFromMemory doesn't match image C:\Users\koens\Bureaublad\informatica\jaar2\3D game programming\Rocket_assignment\Library\PackageCache\com.unity.visualscripting@1.7.2\Editor\VisualScripting.Core\Dependencies\YamlDotNet\Unity.VisualScripting.YamlDotNet.dll
Symbol file LoadedFromMemory doesn't match image C:\Users\koens\Bureaublad\informatica\jaar2\3D game programming\Rocket_assignment\Library\PackageCache\com.unity.visualscripting@1.7.2\Editor\VisualScripting.Core\Dependencies\DotNetZip\Unity.VisualScripting.IonicZip.dll
Native extension for WindowsStandalone target not found
Native extension for WebGL target not found
Refreshing native plugins compatible for Editor in 1.83 ms, found 3 plugins.
Preloading 0 native plugins for Editor in 0.00 ms.
Mono: successfully reloaded assembly
- Completed reload, in  1.774 seconds
Domain Reload Profiling:
	ReloadAssembly (1776ms)
		BeginReloadAssembly (238ms)
			ExecutionOrderSort (0ms)
			DisableScriptedObjects (11ms)
			BackupInstance (0ms)
			ReleaseScriptingObjects (0ms)
			CreateAndSetChildDomain (64ms)
		EndReloadAssembly (1382ms)
			LoadAssemblies (145ms)
			RebuildTransferFunctionScriptingTraits (0ms)
			SetupTypeCache (403ms)
			ReleaseScriptCaches (2ms)
			RebuildScriptCaches (68ms)
			SetupLoadedEditorAssemblies (560ms)
				LogAssemblyErrors (0ms)
				InitializePlatformSupportModulesInManaged (27ms)
				SetLoadedEditorAssemblies (1ms)
				RefreshPlugins (2ms)
				BeforeProcessingInitializeOnLoad (99ms)
				ProcessInitializeOnLoadAttributes (371ms)
				ProcessInitializeOnLoadMethodAttributes (41ms)
				AfterProcessingInitializeOnLoad (18ms)
				EditorAssembliesLoaded (0ms)
			ExecutionOrderSort2 (0ms)
			AwakeInstancesAfterBackupRestoration (28ms)
Platform modules already initialized, skipping
Refreshing native plugins compatible for Editor in 1.68 ms, found 3 plugins.
Preloading 0 native plugins for Editor in 0.00 ms.
Unloading 3184 Unused Serialized files (Serialized files now loaded: 0)
Unloading 20 unused Assets / (381.2 KB). Loaded Objects now: 3852.
Memory consumption went from 144.7 MB to 144.3 MB.
Total: 7.113500 ms (FindLiveObjects: 0.678300 ms CreateObjectMapping: 0.182800 ms MarkObjects: 5.317300 ms  DeleteObjects: 0.931000 ms)

AssetImportParameters requested are different than current active one (requested -> active):
  custom:video-decoder-ogg-theora: a1e56fd34408186e4bbccfd4996cb3dc -> 
  custom:container-muxer-webm: aa71ff27fc2769a1b78a27578f13a17b -> 
  custom:container-demuxer-webm: 4f35f7cbe854078d1ac9338744f61a02 -> 
  custom:video-encoder-webm-vp8: eb34c28f22e8b96e1ab97ce403110664 -> 
  custom:video-codec-MediaFoundation-h265: 746d11721c4dcdbdad8f713fa42b33f4 -> 
  custom:audio-encoder-webm-vorbis: bf7c407c2cedff20999df2af8eb42d56 -> 
  custom:framework-win-MediaFoundation: 216162199b28c13a410421893ffa2e32 -> 
  custom:container-demuxer-ogg: 62fdf1f143b41e24485cea50d1cbac27 -> 
  custom:video-decoder-webm-vp8: 9c59270c3fd7afecdb556c50c9e8de78 -> 
  custom:audio-decoder-ogg-vorbis: bf7c407c2cedff20999df2af8eb42d56 -> 
========================================================================
Received Import Request.
  Time since last request: 235.486495 seconds.
  path: Assets/Standard Assets/Cameras/Scripts/LookatTarget.cs
  artifactKey: Guid(f2ec2b96de5640e42a622fc3064f1c80) Importer(815301076,1909f56bfc062723c751e8b465ee728b)
Start importing Assets/Standard Assets/Cameras/Scripts/LookatTarget.cs using Guid(f2ec2b96de5640e42a622fc3064f1c80) Importer(815301076,1909f56bfc062723c751e8b465ee728b)  -> (artifact id: '18acba61aca59df39833f2631600d38e') in 0.022750 seconds 
========================================================================
Received Import Request.
  Time since last request: 69.697371 seconds.
  path: Assets/Scenes/Scripts/Camera_follow.cs
  artifactKey: Guid(1fe3412812a17094d89f47ff63d80b3d) Importer(815301076,1909f56bfc062723c751e8b465ee728b)
Start importing Assets/Scenes/Scripts/Camera_follow.cs using Guid(1fe3412812a17094d89f47ff63d80b3d) Importer(815301076,1909f56bfc062723c751e8b465ee728b)  -> (artifact id: '703ed3b7807f4a05b3474d09334bca34') in 0.012715 seconds 
========================================================================
Received Prepare
Registering precompiled user dll's ...
Registered in 0.011612 seconds.
Begin MonoManager ReloadAssembly
Symbol file LoadedFromMemory doesn't match image C:\Users\koens\Bureaublad\informatica\jaar2\3D game programming\Rocket_assignment\Library\PackageCache\com.unity.visualscripting@1.7.2\Editor\VisualScripting.Core\Dependencies\YamlDotNet\Unity.VisualScripting.YamlDotNet.dll
Symbol file LoadedFromMemory doesn't match image C:\Users\koens\Bureaublad\informatica\jaar2\3D game programming\Rocket_assignment\Library\PackageCache\com.unity.visualscripting@1.7.2\Editor\VisualScripting.Core\Dependencies\DotNetZip\Unity.VisualScripting.IonicZip.dll
Native extension for WindowsStandalone target not found
Native extension for WebGL target not found
Refreshing native plugins compatible for Editor in 1.61 ms, found 3 plugins.
Preloading 0 native plugins for Editor in 0.00 ms.
Mono: successfully reloaded assembly
- Completed reload, in  1.722 seconds
Domain Reload Profiling:
	ReloadAssembly (1723ms)
		BeginReloadAssembly (261ms)
			ExecutionOrderSort (0ms)
			DisableScriptedObjects (11ms)
			BackupInstance (0ms)
			ReleaseScriptingObjects (0ms)
			CreateAndSetChildDomain (73ms)
		EndReloadAssembly (1227ms)
			LoadAssemblies (176ms)
			RebuildTransferFunctionScriptingTraits (0ms)
			SetupTypeCache (369ms)
			ReleaseScriptCaches (2ms)
			RebuildScriptCaches (59ms)
			SetupLoadedEditorAssemblies (505ms)
				LogAssemblyErrors (0ms)
				InitializePlatformSupportModulesInManaged (21ms)
				SetLoadedEditorAssemblies (1ms)
				RefreshPlugins (2ms)
				BeforeProcessingInitializeOnLoad (100ms)
				ProcessInitializeOnLoadAttributes (328ms)
				ProcessInitializeOnLoadMethodAttributes (36ms)
				AfterProcessingInitializeOnLoad (17ms)
				EditorAssembliesLoaded (0ms)
			ExecutionOrderSort2 (0ms)
			AwakeInstancesAfterBackupRestoration (20ms)
Platform modules already initialized, skipping
Refreshing native plugins compatible for Editor in 1.87 ms, found 3 plugins.
Preloading 0 native plugins for Editor in 0.00 ms.
Unloading 3185 Unused Serialized files (Serialized files now loaded: 0)
Unloading 20 unused Assets / (381.3 KB). Loaded Objects now: 3855.
Memory consumption went from 144.7 MB to 144.4 MB.
Total: 3.875800 ms (FindLiveObjects: 0.414200 ms CreateObjectMapping: 0.113500 ms MarkObjects: 3.022100 ms  DeleteObjects: 0.324200 ms)

AssetImportParameters requested are different than current active one (requested -> active):
  custom:video-decoder-ogg-theora: a1e56fd34408186e4bbccfd4996cb3dc -> 
  custom:container-muxer-webm: aa71ff27fc2769a1b78a27578f13a17b -> 
  custom:container-demuxer-webm: 4f35f7cbe854078d1ac9338744f61a02 -> 
  custom:video-encoder-webm-vp8: eb34c28f22e8b96e1ab97ce403110664 -> 
  custom:video-codec-MediaFoundation-h265: 746d11721c4dcdbdad8f713fa42b33f4 -> 
  custom:audio-encoder-webm-vorbis: bf7c407c2cedff20999df2af8eb42d56 -> 
  custom:framework-win-MediaFoundation: 216162199b28c13a410421893ffa2e32 -> 
  custom:container-demuxer-ogg: 62fdf1f143b41e24485cea50d1cbac27 -> 
  custom:video-decoder-webm-vp8: 9c59270c3fd7afecdb556c50c9e8de78 -> 
  custom:audio-decoder-ogg-vorbis: bf7c407c2cedff20999df2af8eb42d56 -> 
========================================================================
Received Prepare
Registering precompiled user dll's ...
Registered in 0.012051 seconds.
Begin MonoManager ReloadAssembly
Symbol file LoadedFromMemory doesn't match image C:\Users\koens\Bureaublad\informatica\jaar2\3D game programming\Rocket_assignment\Library\PackageCache\com.unity.visualscripting@1.7.2\Editor\VisualScripting.Core\Dependencies\YamlDotNet\Unity.VisualScripting.YamlDotNet.dll
Symbol file LoadedFromMemory doesn't match image C:\Users\koens\Bureaublad\informatica\jaar2\3D game programming\Rocket_assignment\Library\PackageCache\com.unity.visualscripting@1.7.2\Editor\VisualScripting.Core\Dependencies\DotNetZip\Unity.VisualScripting.IonicZip.dll
Native extension for WindowsStandalone target not found
Native extension for WebGL target not found
Refreshing native plugins compatible for Editor in 1.93 ms, found 3 plugins.
Preloading 0 native plugins for Editor in 0.00 ms.
Mono: successfully reloaded assembly
- Completed reload, in  1.973 seconds
Domain Reload Profiling:
	ReloadAssembly (1975ms)
		BeginReloadAssembly (322ms)
			ExecutionOrderSort (0ms)
			DisableScriptedObjects (26ms)
			BackupInstance (0ms)
			ReleaseScriptingObjects (0ms)
			CreateAndSetChildDomain (98ms)
		EndReloadAssembly (1406ms)
			LoadAssemblies (169ms)
			RebuildTransferFunctionScriptingTraits (0ms)
			SetupTypeCache (428ms)
			ReleaseScriptCaches (2ms)
			RebuildScriptCaches (66ms)
			SetupLoadedEditorAssemblies (569ms)
				LogAssemblyErrors (0ms)
				InitializePlatformSupportModulesInManaged (27ms)
				SetLoadedEditorAssemblies (1ms)
				RefreshPlugins (2ms)
				BeforeProcessingInitializeOnLoad (93ms)
				ProcessInitializeOnLoadAttributes (395ms)
				ProcessInitializeOnLoadMethodAttributes (35ms)
				AfterProcessingInitializeOnLoad (17ms)
				EditorAssembliesLoaded (0ms)
			ExecutionOrderSort2 (0ms)
			AwakeInstancesAfterBackupRestoration (33ms)
Platform modules already initialized, skipping
Refreshing native plugins compatible for Editor in 2.21 ms, found 3 plugins.
Preloading 0 native plugins for Editor in 0.00 ms.
Unloading 3185 Unused Serialized files (Serialized files now loaded: 0)
Unloading 20 unused Assets / (381.3 KB). Loaded Objects now: 3857.
Memory consumption went from 144.8 MB to 144.4 MB.
Total: 6.479800 ms (FindLiveObjects: 0.466700 ms CreateObjectMapping: 0.160600 ms MarkObjects: 5.243900 ms  DeleteObjects: 0.605400 ms)

AssetImportParameters requested are different than current active one (requested -> active):
  custom:video-decoder-ogg-theora: a1e56fd34408186e4bbccfd4996cb3dc -> 
  custom:container-muxer-webm: aa71ff27fc2769a1b78a27578f13a17b -> 
  custom:container-demuxer-webm: 4f35f7cbe854078d1ac9338744f61a02 -> 
  custom:video-encoder-webm-vp8: eb34c28f22e8b96e1ab97ce403110664 -> 
  custom:video-codec-MediaFoundation-h265: 746d11721c4dcdbdad8f713fa42b33f4 -> 
  custom:audio-encoder-webm-vorbis: bf7c407c2cedff20999df2af8eb42d56 -> 
  custom:framework-win-MediaFoundation: 216162199b28c13a410421893ffa2e32 -> 
  custom:container-demuxer-ogg: 62fdf1f143b41e24485cea50d1cbac27 -> 
  custom:video-decoder-webm-vp8: 9c59270c3fd7afecdb556c50c9e8de78 -> 
  custom:audio-decoder-ogg-vorbis: bf7c407c2cedff20999df2af8eb42d56 -> 
========================================================================
Received Prepare
Registering precompiled user dll's ...
Registered in 0.013534 seconds.
Begin MonoManager ReloadAssembly
Symbol file LoadedFromMemory doesn't match image C:\Users\koens\Bureaublad\informatica\jaar2\3D game programming\Rocket_assignment\Library\PackageCache\com.unity.visualscripting@1.7.2\Editor\VisualScripting.Core\Dependencies\YamlDotNet\Unity.VisualScripting.YamlDotNet.dll
Symbol file LoadedFromMemory doesn't match image C:\Users\koens\Bureaublad\informatica\jaar2\3D game programming\Rocket_assignment\Library\PackageCache\com.unity.visualscripting@1.7.2\Editor\VisualScripting.Core\Dependencies\DotNetZip\Unity.VisualScripting.IonicZip.dll
Native extension for WindowsStandalone target not found
Native extension for WebGL target not found
Refreshing native plugins compatible for Editor in 1.36 ms, found 3 plugins.
Preloading 0 native plugins for Editor in 0.00 ms.
Mono: successfully reloaded assembly
- Completed reload, in  1.805 seconds
Domain Reload Profiling:
	ReloadAssembly (1806ms)
		BeginReloadAssembly (216ms)
			ExecutionOrderSort (0ms)
			DisableScriptedObjects (9ms)
			BackupInstance (0ms)
			ReleaseScriptingObjects (0ms)
			CreateAndSetChildDomain (62ms)
		EndReloadAssembly (1423ms)
			LoadAssemblies (148ms)
			RebuildTransferFunctionScriptingTraits (0ms)
			SetupTypeCache (433ms)
			ReleaseScriptCaches (2ms)
			RebuildScriptCaches (66ms)
			SetupLoadedEditorAssemblies (584ms)
				LogAssemblyErrors (0ms)
				InitializePlatformSupportModulesInManaged (25ms)
				SetLoadedEditorAssemblies (1ms)
				RefreshPlugins (2ms)
				BeforeProcessingInitializeOnLoad (123ms)
				ProcessInitializeOnLoadAttributes (371ms)
				ProcessInitializeOnLoadMethodAttributes (46ms)
				AfterProcessingInitializeOnLoad (17ms)
				EditorAssembliesLoaded (1ms)
			ExecutionOrderSort2 (0ms)
			AwakeInstancesAfterBackupRestoration (31ms)
Platform modules already initialized, skipping
Refreshing native plugins compatible for Editor in 1.86 ms, found 3 plugins.
Preloading 0 native plugins for Editor in 0.00 ms.
Unloading 3185 Unused Serialized files (Serialized files now loaded: 0)
Unloading 20 unused Assets / (381.3 KB). Loaded Objects now: 3859.
Memory consumption went from 144.8 MB to 144.4 MB.
Total: 7.110900 ms (FindLiveObjects: 0.829000 ms CreateObjectMapping: 0.239300 ms MarkObjects: 5.513700 ms  DeleteObjects: 0.525100 ms)

AssetImportParameters requested are different than current active one (requested -> active):
  custom:video-decoder-ogg-theora: a1e56fd34408186e4bbccfd4996cb3dc -> 
  custom:container-muxer-webm: aa71ff27fc2769a1b78a27578f13a17b -> 
  custom:container-demuxer-webm: 4f35f7cbe854078d1ac9338744f61a02 -> 
  custom:video-encoder-webm-vp8: eb34c28f22e8b96e1ab97ce403110664 -> 
  custom:video-codec-MediaFoundation-h265: 746d11721c4dcdbdad8f713fa42b33f4 -> 
  custom:audio-encoder-webm-vorbis: bf7c407c2cedff20999df2af8eb42d56 -> 
  custom:framework-win-MediaFoundation: 216162199b28c13a410421893ffa2e32 -> 
  custom:container-demuxer-ogg: 62fdf1f143b41e24485cea50d1cbac27 -> 
  custom:video-decoder-webm-vp8: 9c59270c3fd7afecdb556c50c9e8de78 -> 
  custom:audio-decoder-ogg-vorbis: bf7c407c2cedff20999df2af8eb42d56 -> 
